This is pdfTeX, Version 3.141592653-2.6-1.40.25 (TeX Live 2023) (preloaded format=pdflatex 2023.11.27)  28 DEC 2023 21:10
entering extended mode
 restricted \write18 enabled.
 file:line:error style messages enabled.
 %&-line parsing enabled.
**"c:/Users/mike-/Documents/VU/Eurecom/paper_latex/from-nodes-to-naratives/from _nodes_to_narratives/main.tex"
(c:/Users/mike-/Documents/VU/Eurecom/paper_latex/from-nodes-to-naratives/from _nodes_to_narratives/main.tex
LaTeX2e <2023-11-01>
L3 programming layer <2023-11-09>
(./ceurart.cls
Document Class: ceurart 2023/06/14, 0.4.11: Typesetting articles for CEUR Workshop Proceedings (CEUR-WS.org)
(c:/texlive/2023/texmf-dist/tex/latex/l3kernel/expl3.sty
Package: expl3 2023-11-09 L3 programming layer (loader) 
 (c:/texlive/2023/texmf-dist/tex/latex/l3backend/l3backend-pdftex.def
File: l3backend-pdftex.def 2023-11-09 L3 backend support: PDF output (pdfTeX)
\l__color_backend_stack_int=\count186
\l__pdf_internal_box=\box51
)) (c:/texlive/2023/texmf-dist/tex/latex/l3packages/xparse/xparse.sty
Package: xparse 2023-10-10 L3 Experimental document command parser
)
\c@blind=\count187
 (c:/texlive/2023/texmf-dist/tex/latex/koma-script/scrartcl.cls
Document Class: scrartcl 2023/07/07 v3.41 KOMA-Script document class (article)
(c:/texlive/2023/texmf-dist/tex/latex/koma-script/scrkbase.sty
Package: scrkbase 2023/07/07 v3.41 KOMA-Script package (KOMA-Script-dependent basics and keyval usage)
 (c:/texlive/2023/texmf-dist/tex/latex/koma-script/scrbase.sty
Package: scrbase 2023/07/07 v3.41 KOMA-Script package (KOMA-Script-independent basics and keyval usage)
 (c:/texlive/2023/texmf-dist/tex/latex/koma-script/scrlfile.sty
Package: scrlfile 2023/07/07 v3.41 KOMA-Script package (file load hooks)
 (c:/texlive/2023/texmf-dist/tex/latex/koma-script/scrlfile-hook.sty
Package: scrlfile-hook 2023/07/07 v3.41 KOMA-Script package (using LaTeX hooks)
 (c:/texlive/2023/texmf-dist/tex/latex/koma-script/scrlogo.sty
Package: scrlogo 2023/07/07 v3.41 KOMA-Script package (logo)
))) (c:/texlive/2023/texmf-dist/tex/latex/graphics/keyval.sty
Package: keyval 2022/05/29 v1.15 key=value parser (DPC)
\KV@toks@=\toks17
)
Applying: [2021/05/01] Usage of raw or classic option list on input line 252.
Already applied: [0000/00/00] Usage of raw or classic option list on input line 368.
)) (c:/texlive/2023/texmf-dist/tex/latex/koma-script/tocbasic.sty
Package: tocbasic 2023/07/07 v3.41 KOMA-Script package (handling toc-files)
\scr@dte@tocline@numberwidth=\skip48
\scr@dte@tocline@numbox=\box52
)
Package tocbasic Info: omitting babel extension for `toc'
(tocbasic)             because of feature `nobabel' available
(tocbasic)             for `toc' on input line 133.
Class scrartcl Info: File `scrsize11pt.clo' used instead of
(scrartcl)           file `scrsize11.clo' to setup font sizes on input line 2441.
 (c:/texlive/2023/texmf-dist/tex/latex/koma-script/scrsize11pt.clo
File: scrsize11pt.clo 2023/07/07 v3.41 KOMA-Script font size class option (11pt)
) (c:/texlive/2023/texmf-dist/tex/latex/koma-script/typearea.sty
Package: typearea 2023/07/07 v3.41 KOMA-Script package (type area)
\ta@bcor=\skip49
\ta@div=\count188
\ta@hblk=\skip50
\ta@vblk=\skip51
\ta@temp=\skip52
\footheight=\skip53
Package typearea Info: These are the values describing the layout:
(typearea)             DIV  = 10
(typearea)             BCOR = 0.0pt
(typearea)             \paperwidth      = 597.50793pt
(typearea)              \textwidth      = 418.25555pt
(typearea)              DIV departure   = -6%
(typearea)              \evensidemargin = 17.3562pt
(typearea)              \oddsidemargin  = 17.3562pt
(typearea)             \paperheight     = 845.04694pt
(typearea)              \textheight     = 595.80026pt
(typearea)              \topmargin      = -25.16531pt
(typearea)              \headheight     = 17.0pt
(typearea)              \headsep        = 20.40001pt
(typearea)              \topskip        = 11.0pt
(typearea)              \footskip       = 47.6pt
(typearea)              \baselineskip   = 13.6pt
(typearea)              on input line 1799.
)
\c@part=\count189
\c@section=\count190
\c@subsection=\count191
\c@subsubsection=\count192
\c@paragraph=\count193
\c@subparagraph=\count194
\scr@dte@section@maxnumwidth=\skip54
Class scrartcl Info: using compatibility default `runin=bysign'
(scrartcl)           for `\section on input line 5082.
Class scrartcl Info: using compatibility default `afterindent=bysign'
(scrartcl)           for `\section on input line 5082.
\scr@dte@part@maxnumwidth=\skip55
Class scrartcl Info: using compatibility default `afterindent=false'
(scrartcl)           for `\part on input line 5090.
\scr@dte@subsection@maxnumwidth=\skip56
Class scrartcl Info: using compatibility default `runin=bysign'
(scrartcl)           for `\subsection on input line 5100.
Class scrartcl Info: using compatibility default `afterindent=bysign'
(scrartcl)           for `\subsection on input line 5100.
\scr@dte@subsubsection@maxnumwidth=\skip57
Class scrartcl Info: using compatibility default `runin=bysign'
(scrartcl)           for `\subsubsection on input line 5110.
Class scrartcl Info: using compatibility default `afterindent=bysign'
(scrartcl)           for `\subsubsection on input line 5110.
\scr@dte@paragraph@maxnumwidth=\skip58
Class scrartcl Info: using compatibility default `runin=bysign'
(scrartcl)           for `\paragraph on input line 5121.
Class scrartcl Info: using compatibility default `afterindent=bysign'
(scrartcl)           for `\paragraph on input line 5121.
\scr@dte@subparagraph@maxnumwidth=\skip59
Class scrartcl Info: using compatibility default `runin=bysign'
(scrartcl)           for `\subparagraph on input line 5131.
Class scrartcl Info: using compatibility default `afterindent=bysign'
(scrartcl)           for `\subparagraph on input line 5131.
\abovecaptionskip=\skip60
\belowcaptionskip=\skip61
\c@pti@nb@sid@b@x=\box53
Package tocbasic Info: omitting babel extension for `lof'
(tocbasic)             because of feature `nobabel' available
(tocbasic)             for `lof' on input line 6309.
\scr@dte@figure@maxnumwidth=\skip62
\c@figure=\count195
Package tocbasic Info: omitting babel extension for `lot'
(tocbasic)             because of feature `nobabel' available
(tocbasic)             for `lot' on input line 6325.
\scr@dte@table@maxnumwidth=\skip63
\c@table=\count196
Class scrartcl Info: Redefining `\numberline' on input line 6495.
\bibindent=\dimen140
)
Package typearea Info: These are the values describing the layout:
(typearea)             DIV  = 10
(typearea)             BCOR = 0.0pt
(typearea)             \paperwidth      = 597.50793pt
(typearea)              \textwidth      = 418.25555pt
(typearea)              DIV departure   = -6%
(typearea)              \evensidemargin = 17.3562pt
(typearea)              \oddsidemargin  = 17.3562pt
(typearea)             \paperheight     = 845.04694pt
(typearea)              \textheight     = 595.80026pt
(typearea)              \topmargin      = -25.16531pt
(typearea)              \headheight     = 17.0pt
(typearea)              \headsep        = 20.40001pt
(typearea)              \topskip        = 11.0pt
(typearea)              \footskip       = 47.6pt
(typearea)              \baselineskip   = 13.6pt
(typearea)              on input line 79.
Class scrartcl Info: File `scrsize11pt.clo' used to setup font sizes on input line 83.
 (c:/texlive/2023/texmf-dist/tex/latex/koma-script/scrsize11pt.clo

LaTeX Warning: \KOMAScriptVersion  is`2023/07/07 v3.41 KOMA-Script',
               but`2023/07/07v3.41KOMA-Script'wasexpected!
               Youshouldnotuseclasses,packagesorfilesfrom
               differentKOMA-Scriptversions.

File: scrsize11pt.clo 2023/07/07 v3.41 KOMA-Script font size class option (11pt)
) (c:/texlive/2023/texmf-dist/tex/latex/graphics/graphicx.sty
Package: graphicx 2021/09/16 v1.2d Enhanced LaTeX Graphics (DPC,SPQR)
 (c:/texlive/2023/texmf-dist/tex/latex/graphics/graphics.sty
Package: graphics 2022/03/10 v1.4e Standard LaTeX Graphics (DPC,SPQR)
 (c:/texlive/2023/texmf-dist/tex/latex/graphics/trig.sty
Package: trig 2021/08/11 v1.11 sin cos tan (DPC)
) (c:/texlive/2023/texmf-dist/tex/latex/graphics-cfg/graphics.cfg
File: graphics.cfg 2016/06/04 v1.11 sample graphics configuration
)
Package graphics Info: Driver file: pdftex.def on input line 107.
 (c:/texlive/2023/texmf-dist/tex/latex/graphics-def/pdftex.def
File: pdftex.def 2022/09/22 v1.2b Graphics/color driver for pdftex
))
\Gin@req@height=\dimen141
\Gin@req@width=\dimen142
) (c:/texlive/2023/texmf-dist/tex/latex/amsmath/amsmath.sty
Package: amsmath 2023/05/13 v2.17o AMS math features
\@mathmargin=\skip64

For additional information on amsmath, use the `?' option.
(c:/texlive/2023/texmf-dist/tex/latex/amsmath/amstext.sty
Package: amstext 2021/08/26 v2.01 AMS text
 (c:/texlive/2023/texmf-dist/tex/latex/amsmath/amsgen.sty
File: amsgen.sty 1999/11/30 v2.0 generic functions
\@emptytoks=\toks18
\ex@=\dimen143
)) (c:/texlive/2023/texmf-dist/tex/latex/amsmath/amsbsy.sty
Package: amsbsy 1999/11/29 v1.2d Bold Symbols
\pmbraise@=\dimen144
) (c:/texlive/2023/texmf-dist/tex/latex/amsmath/amsopn.sty
Package: amsopn 2022/04/08 v2.04 operator names
)
\inf@bad=\count197
LaTeX Info: Redefining \frac on input line 234.
\uproot@=\count198
\leftroot@=\count199
LaTeX Info: Redefining \overline on input line 399.
LaTeX Info: Redefining \colon on input line 410.
\classnum@=\count266
\DOTSCASE@=\count267
LaTeX Info: Redefining \ldots on input line 496.
LaTeX Info: Redefining \dots on input line 499.
LaTeX Info: Redefining \cdots on input line 620.
\Mathstrutbox@=\box54
\strutbox@=\box55
LaTeX Info: Redefining \big on input line 722.
LaTeX Info: Redefining \Big on input line 723.
LaTeX Info: Redefining \bigg on input line 724.
LaTeX Info: Redefining \Bigg on input line 725.
\big@size=\dimen145
LaTeX Font Info:    Redeclaring font encoding OML on input line 743.
LaTeX Font Info:    Redeclaring font encoding OMS on input line 744.
\macc@depth=\count268
LaTeX Info: Redefining \bmod on input line 905.
LaTeX Info: Redefining \pmod on input line 910.
LaTeX Info: Redefining \smash on input line 940.
LaTeX Info: Redefining \relbar on input line 970.
LaTeX Info: Redefining \Relbar on input line 971.
\c@MaxMatrixCols=\count269
\dotsspace@=\muskip16
\c@parentequation=\count270
\dspbrk@lvl=\count271
\tag@help=\toks19
\row@=\count272
\column@=\count273
\maxfields@=\count274
\andhelp@=\toks20
\eqnshift@=\dimen146
\alignsep@=\dimen147
\tagshift@=\dimen148
\tagwidth@=\dimen149
\totwidth@=\dimen150
\lineht@=\dimen151
\@envbody=\toks21
\multlinegap=\skip65
\multlinetaggap=\skip66
\mathdisplay@stack=\toks22
LaTeX Info: Redefining \[ on input line 2953.
LaTeX Info: Redefining \] on input line 2954.
) (c:/texlive/2023/texmf-dist/tex/latex/amsfonts/amsfonts.sty
Package: amsfonts 2013/01/14 v3.01 Basic AMSFonts support
\symAMSa=\mathgroup4
\symAMSb=\mathgroup5
LaTeX Font Info:    Redeclaring math symbol \hbar on input line 98.
LaTeX Font Info:    Overwriting math alphabet `\mathfrak' in version `bold'
(Font)                  U/euf/m/n --> U/euf/b/n on input line 106.
) (c:/texlive/2023/texmf-dist/tex/latex/amsfonts/amssymb.sty
Package: amssymb 2013/01/14 v3.01 AMS font symbols
) (c:/texlive/2023/texmf-dist/tex/latex/etoolbox/etoolbox.sty
Package: etoolbox 2020/10/05 v2.5k e-TeX tools for LaTeX (JAW)
\etb@tempcnta=\count275
) (c:/texlive/2023/texmf-dist/tex/latex/preprint/balance.sty
Package: balance 1999/02/23 4.3 (PWD)
\oldvsize=\dimen152
) (c:/texlive/2023/texmf-dist/tex/latex/booktabs/booktabs.sty
Package: booktabs 2020/01/12 v1.61803398 Publication quality tables
\heavyrulewidth=\dimen153
\lightrulewidth=\dimen154
\cmidrulewidth=\dimen155
\belowrulesep=\dimen156
\belowbottomsep=\dimen157
\aboverulesep=\dimen158
\abovetopsep=\dimen159
\cmidrulesep=\dimen160
\cmidrulekern=\dimen161
\defaultaddspace=\dimen162
\@cmidla=\count276
\@cmidlb=\count277
\@aboverulesep=\dimen163
\@belowrulesep=\dimen164
\@thisruleclass=\count278
\@lastruleclass=\count279
\@thisrulewidth=\dimen165
) (c:/texlive/2023/texmf-dist/tex/latex/makecell/makecell.sty
Package: makecell 2009/08/03 V0.1e Managing of Tab Column Heads and Cells
 (c:/texlive/2023/texmf-dist/tex/latex/tools/array.sty
Package: array 2023/10/16 v2.5g Tabular extension package (FMi)
\col@sep=\dimen166
\ar@mcellbox=\box56
\extrarowheight=\dimen167
\NC@list=\toks23
\extratabsurround=\skip67
\backup@length=\skip68
\ar@cellbox=\box57
)
\rotheadsize=\dimen168
\c@nlinenum=\count280
\TeXr@lab=\toks24
) (c:/texlive/2023/texmf-dist/tex/latex/multirow/multirow.sty
Package: multirow 2021/03/15 v2.8 Span multiple rows of a table
\multirow@colwidth=\skip69
\multirow@cntb=\count281
\multirow@dima=\skip70
\bigstrutjot=\dimen169
) (c:/texlive/2023/texmf-dist/tex/latex/colortbl/colortbl.sty
Package: colortbl 2022/06/20 v1.0f Color table columns (DPC)
 (c:/texlive/2023/texmf-dist/tex/latex/graphics/color.sty
Package: color 2022/01/06 v1.3d Standard LaTeX Color (DPC)
 (c:/texlive/2023/texmf-dist/tex/latex/graphics-cfg/color.cfg
File: color.cfg 2016/01/02 v1.6 sample color configuration
)
Package color Info: Driver file: pdftex.def on input line 149.
 (c:/texlive/2023/texmf-dist/tex/latex/graphics/mathcolor.ltx))
\everycr=\toks25
\minrowclearance=\skip71
\rownum=\count282
) (c:/texlive/2023/texmf-dist/tex/latex/tools/dcolumn.sty
Package: dcolumn 2023/07/08 v1.06 decimal alignment package (DPC)
) (c:/texlive/2023/texmf-dist/tex/latex/sttools/stfloats.sty
Package: stfloats 2017/03/27 v3.3 Improve float mechanism and baselineskip settings
\@dblbotnum=\count283
\c@dblbotnumber=\count284
) (c:/texlive/2023/texmf-dist/tex/latex/tools/xspace.sty
Package: xspace 2014/10/28 v1.13 Space after command names (DPC,MH)
) (c:/texlive/2023/texmf-dist/tex/generic/xstring/xstring.sty (c:/texlive/2023/texmf-dist/tex/generic/xstring/xstring.tex
\xs_counta=\count285
\xs_countb=\count286
)
Package: xstring 2023/08/22 v1.86 String manipulations (CT)
) (c:/texlive/2023/texmf-dist/tex/latex/footmisc/footmisc.sty
Package: footmisc 2023/07/05 v6.0f a miscellany of footnote facilities
\FN@temptoken=\toks26
\footnotemargin=\dimen170
\@outputbox@depth=\dimen171
Package footmisc Info: Declaring symbol style bringhurst on input line 696.
Package footmisc Info: Declaring symbol style chicago on input line 704.
Package footmisc Info: Declaring symbol style wiley on input line 713.
Package footmisc Info: Declaring symbol style lamport-robust on input line 724.
Package footmisc Info: Declaring symbol style lamport* on input line 744.
Package footmisc Info: Declaring symbol style lamport*-robust on input line 765.
) (c:/texlive/2023/texmf-dist/tex/latex/xcolor/xcolor.sty
Package: xcolor 2023/11/15 v3.01 LaTeX color extensions (UK)
 (c:/texlive/2023/texmf-dist/tex/latex/graphics-cfg/color.cfg
File: color.cfg 2016/01/02 v1.6 sample color configuration
)
Package xcolor Info: Driver file: pdftex.def on input line 274.
LaTeX Info: Redefining \color on input line 758.
 (c:/texlive/2023/texmf-dist/tex/latex/graphics/mathcolor.ltx)
Package xcolor Info: Model `cmy' substituted by `cmy0' on input line 1350.
Package xcolor Info: Model `hsb' substituted by `rgb' on input line 1354.
Package xcolor Info: Model `RGB' extended on input line 1366.
Package xcolor Info: Model `HTML' substituted by `rgb' on input line 1368.
Package xcolor Info: Model `Hsb' substituted by `hsb' on input line 1369.
Package xcolor Info: Model `tHsb' substituted by `hsb' on input line 1370.
Package xcolor Info: Model `HSB' substituted by `hsb' on input line 1371.
Package xcolor Info: Model `Gray' substituted by `gray' on input line 1372.
Package xcolor Info: Model `wave' substituted by `hsb' on input line 1373.
) (c:/texlive/2023/texmf-dist/tex/latex/xcolor/svgnam.def
File: svgnam.def 2023/11/15 v3.01 Predefined colors according to SVG 1.1 (UK)
) (c:/texlive/2023/texmf-dist/tex/latex/graphics/dvipsnam.def
File: dvipsnam.def 2016/06/17 v3.0m Driver-dependent file (DPC,SPQR)
) (c:/texlive/2023/texmf-dist/tex/generic/iftex/iftex.sty
Package: iftex 2022/02/03 v1.0f TeX engine tests
) (c:/texlive/2023/texmf-dist/tex/latex/microtype/microtype.sty
Package: microtype 2023/03/13 v3.1a Micro-typographical refinements (RS)
\MT@toks=\toks27
\MT@tempbox=\box58
\MT@count=\count287
LaTeX Info: Redefining \noprotrusionifhmode on input line 1059.
LaTeX Info: Redefining \leftprotrusion on input line 1060.
\MT@prot@toks=\toks28
LaTeX Info: Redefining \rightprotrusion on input line 1078.
LaTeX Info: Redefining \textls on input line 1368.
\MT@outer@kern=\dimen172
LaTeX Info: Redefining \textmicrotypecontext on input line 1988.
\MT@listname@count=\count288
 (c:/texlive/2023/texmf-dist/tex/latex/microtype/microtype-pdftex.def
File: microtype-pdftex.def 2023/03/13 v3.1a Definitions specific to pdftex (RS)
LaTeX Info: Redefining \lsstyle on input line 902.
LaTeX Info: Redefining \lslig on input line 902.
\MT@outer@space=\skip72
)
Package microtype Info: Loading configuration file microtype.cfg.
 (c:/texlive/2023/texmf-dist/tex/latex/microtype/microtype.cfg
File: microtype.cfg 2023/03/13 v3.1a microtype main configuration file (RS)
)) (c:/texlive/2023/texmf-dist/tex/latex/cmap/cmap.sty
Package: cmap 2021/02/06 v1.0j CMap support: searchable PDF
) (c:/texlive/2023/texmf-dist/tex/latex/pdfx/pdfx.sty
Package: pdfx 2019/02/27 v1.6.3 PDF/X and PDF/A support (CVR/HTH/RRM/PS)
\pdfx@minorversion=\count289
 (c:/texlive/2023/texmf-dist/tex/generic/iftex/ifpdf.sty
Package: ifpdf 2019/10/25 v3.4 ifpdf legacy package. Use iftex instead.
) (c:/texlive/2023/texmf-dist/tex/generic/iftex/ifxetex.sty
Package: ifxetex 2019/10/25 v0.7 ifxetex legacy package. Use iftex instead.
) (c:/texlive/2023/texmf-dist/tex/latex/everyshi/everyshi.sty
Package: everyshi 2020/11/18 v4.00 EveryShipout Package
) (c:/texlive/2023/texmf-dist/tex/generic/iftex/ifluatex.sty
Package: ifluatex 2019/10/25 v1.5 ifluatex legacy package. Use iftex instead.
){c:/texlive/2023/texmf-var/fonts/map/pdftex/updmap/pdftex.map} (c:/texlive/2023/texmf-dist/tex/latex/base/inputenc.sty
Package: inputenc 2021/02/14 v1.3d Input encoding file
\inpenc@prehook=\toks29
\inpenc@posthook=\toks30
) (c:/texlive/2023/texmf-dist/tex/latex/pdfx/l8u-penc.def
File: l8u-penc.def 2017/06/23 v0.8 Custom LaTeX file, for UTF8 encoded letters and symbols
LaTeX Info: Composite with undeclared \b in encoding L8U on input line 278.
)
\pdfxsafeforxmp@toks=\toks31
\pdfx@tmptoks=\toks32
 (c:/texlive/2023/texmf-dist/tex/latex/hyperref/hyperref.sty
Package: hyperref 2023-11-26 v7.01g Hypertext links for LaTeX
 (c:/texlive/2023/texmf-dist/tex/generic/infwarerr/infwarerr.sty
Package: infwarerr 2019/12/03 v1.5 Providing info/warning/error messages (HO)
) (c:/texlive/2023/texmf-dist/tex/latex/kvsetkeys/kvsetkeys.sty
Package: kvsetkeys 2022-10-05 v1.19 Key value parser (HO)
) (c:/texlive/2023/texmf-dist/tex/generic/kvdefinekeys/kvdefinekeys.sty
Package: kvdefinekeys 2019-12-19 v1.6 Define keys (HO)
) (c:/texlive/2023/texmf-dist/tex/generic/pdfescape/pdfescape.sty
Package: pdfescape 2019/12/09 v1.15 Implements pdfTeX's escape features (HO)
 (c:/texlive/2023/texmf-dist/tex/generic/ltxcmds/ltxcmds.sty
Package: ltxcmds 2020-05-10 v1.25 LaTeX kernel commands for general use (HO)
) (c:/texlive/2023/texmf-dist/tex/generic/pdftexcmds/pdftexcmds.sty
Package: pdftexcmds 2020-06-27 v0.33 Utility functions of pdfTeX for LuaTeX (HO)
Package pdftexcmds Info: \pdf@primitive is available.
Package pdftexcmds Info: \pdf@ifprimitive is available.
Package pdftexcmds Info: \pdfdraftmode found.
)) (c:/texlive/2023/texmf-dist/tex/latex/hycolor/hycolor.sty
Package: hycolor 2020-01-27 v1.10 Color options for hyperref/bookmark (HO)
) (c:/texlive/2023/texmf-dist/tex/latex/letltxmacro/letltxmacro.sty
Package: letltxmacro 2019/12/03 v1.6 Let assignment for LaTeX macros (HO)
) (c:/texlive/2023/texmf-dist/tex/latex/auxhook/auxhook.sty
Package: auxhook 2019-12-17 v1.6 Hooks for auxiliary files (HO)
) (c:/texlive/2023/texmf-dist/tex/latex/hyperref/nameref.sty
Package: nameref 2023-11-26 v2.56 Cross-referencing by name of section
 (c:/texlive/2023/texmf-dist/tex/latex/refcount/refcount.sty
Package: refcount 2019/12/15 v3.6 Data extraction from label references (HO)
) (c:/texlive/2023/texmf-dist/tex/generic/gettitlestring/gettitlestring.sty
Package: gettitlestring 2019/12/15 v1.6 Cleanup title references (HO)
 (c:/texlive/2023/texmf-dist/tex/latex/kvoptions/kvoptions.sty
Package: kvoptions 2022-06-15 v3.15 Key value format for package options (HO)
))
\c@section@level=\count290
)
\@linkdim=\dimen173
\Hy@linkcounter=\count291
\Hy@pagecounter=\count292
 (c:/texlive/2023/texmf-dist/tex/latex/hyperref/pd1enc.def
File: pd1enc.def 2023-11-26 v7.01g Hyperref: PDFDocEncoding definition (HO)
) (c:/texlive/2023/texmf-dist/tex/generic/intcalc/intcalc.sty
Package: intcalc 2019/12/15 v1.3 Expandable calculations with integers (HO)
)
\Hy@SavedSpaceFactor=\count293
 (c:/texlive/2023/texmf-dist/tex/latex/hyperref/puenc.def
File: puenc.def 2023-11-26 v7.01g Hyperref: PDF Unicode definition (HO)
)
Package hyperref Info: Option `pdfa' set `true' on input line 4064.
Package hyperref Info: Hyper figures OFF on input line 4181.
Package hyperref Info: Link nesting OFF on input line 4186.
Package hyperref Info: Hyper index ON on input line 4189.
Package hyperref Info: Plain pages OFF on input line 4196.
Package hyperref Info: Backreferencing OFF on input line 4201.
Package hyperref Info: Implicit mode ON; LaTeX internals redefined.
Package hyperref Info: Bookmarks ON on input line 4448.
\c@Hy@tempcnt=\count294
 (c:/texlive/2023/texmf-dist/tex/latex/url/url.sty
\Urlmuskip=\muskip17
Package: url 2013/09/16  ver 3.4  Verb mode for urls, etc.
)
LaTeX Info: Redefining \url on input line 4786.
\XeTeXLinkMargin=\dimen174
 (c:/texlive/2023/texmf-dist/tex/generic/bitset/bitset.sty
Package: bitset 2019/12/09 v1.3 Handle bit-vector datatype (HO)
 (c:/texlive/2023/texmf-dist/tex/generic/bigintcalc/bigintcalc.sty
Package: bigintcalc 2019/12/15 v1.5 Expandable calculations on big integers (HO)
))
\Fld@menulength=\count295
\Field@Width=\dimen175
\Fld@charsize=\dimen176
Package hyperref Info: Hyper figures OFF on input line 6065.
Package hyperref Info: Link nesting OFF on input line 6070.
Package hyperref Info: Hyper index ON on input line 6073.
Package hyperref Info: backreferencing OFF on input line 6080.
Package hyperref Info: Link coloring OFF on input line 6085.
Package hyperref Info: Link coloring with OCG OFF on input line 6090.
Package hyperref Info: PDF/A mode ON on input line 6093.
 (c:/texlive/2023/texmf-dist/tex/latex/base/atbegshi-ltx.sty
Package: atbegshi-ltx 2021/01/10 v1.0c Emulation of the original atbegshi
package with kernel methods
)
\Hy@abspage=\count296
\c@Item=\count297
\c@Hfootnote=\count298
)
Package hyperref Info: Driver: hpdftex.
 (c:/texlive/2023/texmf-dist/tex/latex/hyperref/hpdftex.def
File: hpdftex.def 2023-11-26 v7.01g Hyperref driver for pdfTeX
 (c:/texlive/2023/texmf-dist/tex/latex/base/atveryend-ltx.sty
Package: atveryend-ltx 2020/08/19 v1.0a Emulation of the original atveryend package
with kernel methods
)
\Fld@listcount=\count299
\c@bookmark@seq@number=\count300
 (c:/texlive/2023/texmf-dist/tex/latex/rerunfilecheck/rerunfilecheck.sty
Package: rerunfilecheck 2022-07-10 v1.10 Rerun checks for auxiliary files (HO)
 (c:/texlive/2023/texmf-dist/tex/generic/uniquecounter/uniquecounter.sty
Package: uniquecounter 2019/12/15 v1.4 Provide unlimited unique counter (HO)
)
Package uniquecounter Info: New unique counter `rerunfilecheck' on input line 285.
)
\Hy@SectionHShift=\skip73
)
Package hyperref Info: Option `unicode' set `true' on input line 1463.
 (c:/texlive/2023/texmf-dist/tex/generic/stringenc/stringenc.sty
Package: stringenc 2019/11/29 v1.12 Convert strings between diff. encodings (HO)
)
Package hyperref Info: Option `psdextra' set `true' on input line 1465.
 (c:/texlive/2023/texmf-dist/tex/latex/hyperref/psdextra.def
File: psdextra.def 2023-11-26 v7.01g Hyperref: Additions to PDF string support
) (c:/texlive/2023/texmf-dist/tex/generic/colorprofiles/colorprofiles.sty
Package: colorprofiles 2018/11/01 v1.0.1 color profiles for PDF/X and PDF/A support
 (c:/texlive/2023/texmf-dist/tex/generic/colorprofiles/colorprofiles.tex)) (c:/texlive/2023/texmf-dist/tex/generic/stringenc/se-pdfdoc.def
File: se-pdfdoc.def 2019/11/29 v1.12 stringenc: PDFDocEncoding
) (c:/texlive/2023/texmf-dist/tex/latex/pdfx/AdobeColorProfiles.tex) (c:/texlive/2023/texmf-dist/tex/latex/pdfx/8bit.def
File: 8bit.def 2008/03/30 v1.1d Input encoding file
)
** pdfx: Metadata file main.xmpdata read successfully.
(./main.xmpdata)<<sRGB.icc>> (c:/texlive/2023/texmf-dist/tex/latex/pdfx/8bit.def
File: 8bit.def 2008/03/30 v1.1d Input encoding file
) (c:/texlive/2023/texmf-dist/tex/latex/pdfx/8bit.def
File: 8bit.def 2008/03/30 v1.1d Input encoding file
) (c:/texlive/2023/texmf-dist/tex/generic/stringenc/se-utf8.def
File: se-utf8.def 2019/11/29 v1.12 stringenc: UTF-8
) (c:/texlive/2023/texmf-dist/tex/latex/pdfx/8bit.def
File: 8bit.def 2008/03/30 v1.1d Input encoding file
)
Package hyperref Info: Option `unicode' set `true' on input line 2411.
Package hyperref Info: Option `unicode' set `true' on input line 2412.
 (c:/texlive/2023/texmf-dist/tex/generic/pdftex/glyphtounicode.tex) (c:/texlive/2023/texmf-dist/tex/latex/pdfx/glyphtounicode-cmr.tex) (c:/texlive/2023/texmf-dist/tex/latex/pdfx/glyphtounicode-ntx.tex) (c:/texlive/2023/texmf-dist/tex/latex/base/ifthen.sty
Package: ifthen 2022/04/13 v1.1d Standard LaTeX ifthen package (DPC)
) (c:/texlive/2023/texmf-dist/tex/latex/xmpincl/xmpincl.sty
Package: xmpincl 2021/09/22 v2.4 Include XMP data in pdflatex
) (c:/texlive/2023/texmf-dist/tex/latex/pdfx/8bit.def
File: 8bit.def 2008/03/30 v1.1d Input encoding file
)
Using XMP template file: pdfa.xmp
\xmpinclWrite=\write3
\xmpinclRead=\read2
\openout3 = `pdfa.xmpi'.

<<pdfa.xmpi>>)
Package hyperref Info: Option `colorlinks' set `true' on input line 176.
Package hyperref Info: Option `bookmarksnumbered' set `true' on input line 176.
Package hyperref Info: Option `unicode' set `true' on input line 176.
 (c:/texlive/2023/texmf-dist/tex/latex/fontawesome5/fontawesome5.sty
Package: fontawesome5 2022/05/02 v5.15.4 Font Awesome 5
 (c:/texlive/2023/texmf-dist/tex/latex/l3packages/l3keys2e/l3keys2e.sty
Package: l3keys2e 2023-10-10 LaTeX2e option processing using LaTeX3 keys
) (c:/texlive/2023/texmf-dist/tex/latex/fontawesome5/fontawesome5-generic-helper.sty
Package: fontawesome5-generic-helper 2022/05/02 v5.15.4 non-uTeX helper for fontawesome5
 (c:/texlive/2023/texmf-dist/tex/latex/fontawesome5/fontawesome5-mapping.def)))
\g_xmpdata_output_iow=\write4
\openout4 = `main.xmpdata'.

\l_ceur_title_before_dim=\dimen177
\l_ceur_title_after_dim=\dimen178
\g_ead_int=\count301
\g_uad_int=\count302
\g_orcid_int=\count303
\@eadauthor=\toks33
\g_ceur_tnote_int=\count304
\g_ceur_fnote_int=\count305
\g_ceur_cor_int=\count306
\g_ceur_au_int=\count307
\g_ceur_aau_int=\count308
\l_autype_int=\count309
\l_ceur_augroup_before_dim=\dimen179
\l_ceur_augroup_after_dim=\dimen180
\l_ceur_augroup_lskip_tl=\dimen181
\l_ceur_augroup_rskip_tl=\dimen182
\g_num_short_authors=\count310
\g_ceur_aff_int=\count311
\l_ceur_aff_before_dim=\dimen183
\l_ceur_aff_after_dim=\dimen184
\l_ceur_aff_lskip_dim=\dimen185
\l_ceur_aff_rskip_dim=\dimen186
\g_ceur_augr_int=\count312
\g_ceur_aaugr_int=\count313
 (c:/texlive/2023/texmf-dist/tex/latex/moreverb/moreverb.sty
Package: moreverb 2008/06/03 v2.3a `more' verbatim facilities
 (c:/texlive/2023/texmf-dist/tex/latex/tools/verbatim.sty
Package: verbatim 2023-11-06 v1.5v LaTeX2e package for verbatim enhancements
\every@verbatim=\toks34
\verbatim@line=\toks35
\verbatim@in@stream=\read3
)
\tab@position=\count314
\tab@size=\count315
\listing@line=\count316
)
\g_ceur_abs_box=\box59
\casgrabsbox=\box60
\casauhlbox=\box61
\g_ceur_key_box=\box62
\ccLogoWidth=\dimen187
 (c:/texlive/2023/texmf-dist/tex/latex/tools/calc.sty
Package: calc 2023/07/08 v4.3 Infix arithmetic (KKT,FJ)
\calc@Acount=\count317
\calc@Bcount=\count318
\calc@Adimen=\dimen188
\calc@Bdimen=\dimen189
\calc@Askip=\skip74
\calc@Bskip=\skip75
LaTeX Info: Redefining \setlength on input line 80.
LaTeX Info: Redefining \addtolength on input line 81.
\calc@Ccount=\count319
\calc@Cskip=\skip76
)
\g_ceur_jtype_int=\count320
\g_ceur_blind_int=\count321
\c@au=\count322
\c@cnote=\count323
\c@tnote=\count324
\c@fnote=\count325
\c@aff=\count326
\g_ceur_notes_box=\box63
\g_ceur_front_box=\box64
\paraindent=\dimen190
\subparaindent=\dimen191
 (c:/texlive/2023/texmf-dist/tex/latex/koma-script/scrlayer-scrpage.sty
Package: scrlayer-scrpage 2023/07/07 v3.41 KOMA-Script package (end user interface for scrlayer)
 (c:/texlive/2023/texmf-dist/tex/latex/koma-script/scrlayer.sty
Package: scrlayer 2023/07/07 v3.41 KOMA-Script package (defining layers and page styles)
Package scrlayer Info: patching LaTeX kernel macro \pagestyle on input line 2183.
)
Package scrlayer-scrpage Info: Makeing stand-alone element `pagehead' from
(scrlayer-scrpage)             alias to `pageheadfoot' on input line 1106.
)
\FullWidth=\dimen192
\l_tbl_width_dim=\dimen193
\l_tbl_abovecap_skip=\skip77
\l_tbl_belowcap_skip=\skip78
\l_tbl_abovetbl_skip=\skip79
\l_tbl_belowtbl_skip=\skip80
\l_fig_width_dim=\dimen194
\l_fig_abovecap_skip=\skip81
\l_fig_belowcap_skip=\skip82
\l_fig_abovefig_skip=\skip83
\l_fig_belowfig_skip=\skip84
 (c:/texlive/2023/texmf-dist/tex/latex/wrapfig/wrapfig.sty
\wrapoverhang=\dimen195
\WF@size=\dimen196
\c@WF@wrappedlines=\count327
\WF@box=\box65
\WF@everypar=\toks36
Package: wrapfig 2003/01/31  v 3.6
)
\l_wrap_figwidth_dim=\dimen197
\l_wrap_fighspace_dim=\dimen198
\l_wrap_figvspace_dim=\dimen199
\l_wrap_fighcorr_dim=\dimen256
\l_wrap_figvcorr_dim=\dimen257
\l_above_bio_dim=\dimen258
\l_wrap_figlcorr_int=\count328
\l_wrap_figlines_int=\count329
\l_bio_text_box=\box66
\c@ca_biography_ctr=\count330
\l_ca_temp_inta=\count331
\leftMargin=\dimen259
\@enLab=\toks37
\@sep=\skip85
\@@sep=\skip86
 (c:/texlive/2023/texmf-dist/tex/latex/natbib/natbib.sty
Package: natbib 2010/09/13 8.31b (PWD, AO)
\bibhang=\skip87
\bibsep=\skip88
LaTeX Info: Redefining \cite on input line 694.
\c@NAT@ctr=\count332
) (c:/texlive/2023/texmf-dist/tex/latex/base/fontenc.sty
Package: fontenc 2021/04/29 v2.0v Standard LaTeX package
<<t1.cmap>>) (c:/texlive/2023/texmf-dist/tex/latex/libertinus/libertinus.sty
Package: libertinus 2020/05/06 v. 0.02 (Herbert Voss) Supports libertinus fonts for pdflatex/lualatex/xelatex
 (c:/texlive/2023/texmf-dist/tex/latex/xkeyval/xkeyval.sty
Package: xkeyval 2022/06/16 v2.9 package option processing (HA)
 (c:/texlive/2023/texmf-dist/tex/generic/xkeyval/xkeyval.tex (c:/texlive/2023/texmf-dist/tex/generic/xkeyval/xkvutils.tex
\XKV@toks=\toks38
\XKV@tempa@toks=\toks39
)
\XKV@depth=\count333
File: xkeyval.tex 2014/12/03 v2.7a key=value parser (HA)
)) (c:/texlive/2023/texmf-dist/tex/latex/libertinus-type1/libertinus-type1.sty
Package: libertinus-type1 2023/06/23 (Bob Tennent) Supports libertinus fonts for latex/pdflatex.
 (c:/texlive/2023/texmf-dist/tex/latex/base/textcomp.sty
Package: textcomp 2020/02/02 v2.0n Standard LaTeX package
) (c:/texlive/2023/texmf-dist/tex/latex/base/fontenc.sty
Package: fontenc 2021/04/29 v2.0v Standard LaTeX package
) (c:/texlive/2023/texmf-dist/tex/latex/fontaxes/fontaxes.sty
Package: fontaxes 2020/07/21 v1.0e Font selection axes
LaTeX Info: Redefining \upshape on input line 29.
LaTeX Info: Redefining \itshape on input line 31.
LaTeX Info: Redefining \slshape on input line 33.
LaTeX Info: Redefining \swshape on input line 35.
LaTeX Info: Redefining \scshape on input line 37.
LaTeX Info: Redefining \sscshape on input line 39.
LaTeX Info: Redefining \ulcshape on input line 41.
LaTeX Info: Redefining \textsw on input line 47.
LaTeX Info: Redefining \textssc on input line 48.
LaTeX Info: Redefining \textulc on input line 49.
)))) (c:/texlive/2023/texmf-dist/tex/latex/listings/listings.sty
\lst@mode=\count334
\lst@gtempboxa=\box67
\lst@token=\toks40
\lst@length=\count335
\lst@currlwidth=\dimen260
\lst@column=\count336
\lst@pos=\count337
\lst@lostspace=\dimen261
\lst@width=\dimen262
\lst@newlines=\count338
\lst@lineno=\count339
\lst@maxwidth=\dimen263
 (c:/texlive/2023/texmf-dist/tex/latex/listings/lstmisc.sty
File: lstmisc.sty 2023/02/27 1.9 (Carsten Heinz)
\c@lstnumber=\count340
\lst@skipnumbers=\count341
\lst@framebox=\box68
) (c:/texlive/2023/texmf-dist/tex/latex/listings/listings.cfg
File: listings.cfg 2023/02/27 1.9 listings configuration
))
Package: listings 2023/02/27 1.9 (Carsten Heinz)
 (c:/texlive/2023/texmf-dist/tex/latex/todonotes/todonotes.sty
Package: todonotes 2023/01/31 v1.1.6 Todonotes source and documentation.
Package: todonotes 2023/01/31
 (c:/texlive/2023/texmf-dist/tex/latex/pgf/frontendlayer/tikz.sty (c:/texlive/2023/texmf-dist/tex/latex/pgf/basiclayer/pgf.sty (c:/texlive/2023/texmf-dist/tex/latex/pgf/utilities/pgfrcs.sty (c:/texlive/2023/texmf-dist/tex/generic/pgf/utilities/pgfutil-common.tex
\pgfutil@everybye=\toks41
\pgfutil@tempdima=\dimen264
\pgfutil@tempdimb=\dimen265
) (c:/texlive/2023/texmf-dist/tex/generic/pgf/utilities/pgfutil-latex.def
\pgfutil@abb=\box69
) (c:/texlive/2023/texmf-dist/tex/generic/pgf/utilities/pgfrcs.code.tex (c:/texlive/2023/texmf-dist/tex/generic/pgf/pgf.revision.tex)
Package: pgfrcs 2023-01-15 v3.1.10 (3.1.10)
))
Package: pgf 2023-01-15 v3.1.10 (3.1.10)
 (c:/texlive/2023/texmf-dist/tex/latex/pgf/basiclayer/pgfcore.sty (c:/texlive/2023/texmf-dist/tex/latex/pgf/systemlayer/pgfsys.sty (c:/texlive/2023/texmf-dist/tex/generic/pgf/systemlayer/pgfsys.code.tex
Package: pgfsys 2023-01-15 v3.1.10 (3.1.10)
 (c:/texlive/2023/texmf-dist/tex/generic/pgf/utilities/pgfkeys.code.tex
\pgfkeys@pathtoks=\toks42
\pgfkeys@temptoks=\toks43
 (c:/texlive/2023/texmf-dist/tex/generic/pgf/utilities/pgfkeyslibraryfiltered.code.tex
\pgfkeys@tmptoks=\toks44
))
\pgf@x=\dimen266
\pgf@y=\dimen267
\pgf@xa=\dimen268
\pgf@ya=\dimen269
\pgf@xb=\dimen270
\pgf@yb=\dimen271
\pgf@xc=\dimen272
\pgf@yc=\dimen273
\pgf@xd=\dimen274
\pgf@yd=\dimen275
\w@pgf@writea=\write5
\r@pgf@reada=\read4
\c@pgf@counta=\count342
\c@pgf@countb=\count343
\c@pgf@countc=\count344
\c@pgf@countd=\count345
\t@pgf@toka=\toks45
\t@pgf@tokb=\toks46
\t@pgf@tokc=\toks47
\pgf@sys@id@count=\count346
 (c:/texlive/2023/texmf-dist/tex/generic/pgf/systemlayer/pgf.cfg
File: pgf.cfg 2023-01-15 v3.1.10 (3.1.10)
)
Driver file for pgf: pgfsys-pdftex.def
 (c:/texlive/2023/texmf-dist/tex/generic/pgf/systemlayer/pgfsys-pdftex.def
File: pgfsys-pdftex.def 2023-01-15 v3.1.10 (3.1.10)
 (c:/texlive/2023/texmf-dist/tex/generic/pgf/systemlayer/pgfsys-common-pdf.def
File: pgfsys-common-pdf.def 2023-01-15 v3.1.10 (3.1.10)
))) (c:/texlive/2023/texmf-dist/tex/generic/pgf/systemlayer/pgfsyssoftpath.code.tex
File: pgfsyssoftpath.code.tex 2023-01-15 v3.1.10 (3.1.10)
\pgfsyssoftpath@smallbuffer@items=\count347
\pgfsyssoftpath@bigbuffer@items=\count348
) (c:/texlive/2023/texmf-dist/tex/generic/pgf/systemlayer/pgfsysprotocol.code.tex
File: pgfsysprotocol.code.tex 2023-01-15 v3.1.10 (3.1.10)
)) (c:/texlive/2023/texmf-dist/tex/generic/pgf/basiclayer/pgfcore.code.tex
Package: pgfcore 2023-01-15 v3.1.10 (3.1.10)
 (c:/texlive/2023/texmf-dist/tex/generic/pgf/math/pgfmath.code.tex (c:/texlive/2023/texmf-dist/tex/generic/pgf/math/pgfmathutil.code.tex) (c:/texlive/2023/texmf-dist/tex/generic/pgf/math/pgfmathparser.code.tex
\pgfmath@dimen=\dimen276
\pgfmath@count=\count349
\pgfmath@box=\box70
\pgfmath@toks=\toks48
\pgfmath@stack@operand=\toks49
\pgfmath@stack@operation=\toks50
) (c:/texlive/2023/texmf-dist/tex/generic/pgf/math/pgfmathfunctions.code.tex) (c:/texlive/2023/texmf-dist/tex/generic/pgf/math/pgfmathfunctions.basic.code.tex) (c:/texlive/2023/texmf-dist/tex/generic/pgf/math/pgfmathfunctions.trigonometric.code.tex) (c:/texlive/2023/texmf-dist/tex/generic/pgf/math/pgfmathfunctions.random.code.tex) (c:/texlive/2023/texmf-dist/tex/generic/pgf/math/pgfmathfunctions.comparison.code.tex) (c:/texlive/2023/texmf-dist/tex/generic/pgf/math/pgfmathfunctions.base.code.tex) (c:/texlive/2023/texmf-dist/tex/generic/pgf/math/pgfmathfunctions.round.code.tex) (c:/texlive/2023/texmf-dist/tex/generic/pgf/math/pgfmathfunctions.misc.code.tex) (c:/texlive/2023/texmf-dist/tex/generic/pgf/math/pgfmathfunctions.integerarithmetics.code.tex) (c:/texlive/2023/texmf-dist/tex/generic/pgf/math/pgfmathcalc.code.tex) (c:/texlive/2023/texmf-dist/tex/generic/pgf/math/pgfmathfloat.code.tex
\c@pgfmathroundto@lastzeros=\count350
)) (c:/texlive/2023/texmf-dist/tex/generic/pgf/math/pgfint.code.tex) (c:/texlive/2023/texmf-dist/tex/generic/pgf/basiclayer/pgfcorepoints.code.tex
File: pgfcorepoints.code.tex 2023-01-15 v3.1.10 (3.1.10)
\pgf@picminx=\dimen277
\pgf@picmaxx=\dimen278
\pgf@picminy=\dimen279
\pgf@picmaxy=\dimen280
\pgf@pathminx=\dimen281
\pgf@pathmaxx=\dimen282
\pgf@pathminy=\dimen283
\pgf@pathmaxy=\dimen284
\pgf@xx=\dimen285
\pgf@xy=\dimen286
\pgf@yx=\dimen287
\pgf@yy=\dimen288
\pgf@zx=\dimen289
\pgf@zy=\dimen290
) (c:/texlive/2023/texmf-dist/tex/generic/pgf/basiclayer/pgfcorepathconstruct.code.tex
File: pgfcorepathconstruct.code.tex 2023-01-15 v3.1.10 (3.1.10)
\pgf@path@lastx=\dimen291
\pgf@path@lasty=\dimen292
) (c:/texlive/2023/texmf-dist/tex/generic/pgf/basiclayer/pgfcorepathusage.code.tex
File: pgfcorepathusage.code.tex 2023-01-15 v3.1.10 (3.1.10)
\pgf@shorten@end@additional=\dimen293
\pgf@shorten@start@additional=\dimen294
) (c:/texlive/2023/texmf-dist/tex/generic/pgf/basiclayer/pgfcorescopes.code.tex
File: pgfcorescopes.code.tex 2023-01-15 v3.1.10 (3.1.10)
\pgfpic=\box71
\pgf@hbox=\box72
\pgf@layerbox@main=\box73
\pgf@picture@serial@count=\count351
) (c:/texlive/2023/texmf-dist/tex/generic/pgf/basiclayer/pgfcoregraphicstate.code.tex
File: pgfcoregraphicstate.code.tex 2023-01-15 v3.1.10 (3.1.10)
\pgflinewidth=\dimen295
) (c:/texlive/2023/texmf-dist/tex/generic/pgf/basiclayer/pgfcoretransformations.code.tex
File: pgfcoretransformations.code.tex 2023-01-15 v3.1.10 (3.1.10)
\pgf@pt@x=\dimen296
\pgf@pt@y=\dimen297
\pgf@pt@temp=\dimen298
) (c:/texlive/2023/texmf-dist/tex/generic/pgf/basiclayer/pgfcorequick.code.tex
File: pgfcorequick.code.tex 2023-01-15 v3.1.10 (3.1.10)
) (c:/texlive/2023/texmf-dist/tex/generic/pgf/basiclayer/pgfcoreobjects.code.tex
File: pgfcoreobjects.code.tex 2023-01-15 v3.1.10 (3.1.10)
) (c:/texlive/2023/texmf-dist/tex/generic/pgf/basiclayer/pgfcorepathprocessing.code.tex
File: pgfcorepathprocessing.code.tex 2023-01-15 v3.1.10 (3.1.10)
) (c:/texlive/2023/texmf-dist/tex/generic/pgf/basiclayer/pgfcorearrows.code.tex
File: pgfcorearrows.code.tex 2023-01-15 v3.1.10 (3.1.10)
\pgfarrowsep=\dimen299
) (c:/texlive/2023/texmf-dist/tex/generic/pgf/basiclayer/pgfcoreshade.code.tex
File: pgfcoreshade.code.tex 2023-01-15 v3.1.10 (3.1.10)
\pgf@max=\dimen300
\pgf@sys@shading@range@num=\count352
\pgf@shadingcount=\count353
) (c:/texlive/2023/texmf-dist/tex/generic/pgf/basiclayer/pgfcoreimage.code.tex
File: pgfcoreimage.code.tex 2023-01-15 v3.1.10 (3.1.10)
) (c:/texlive/2023/texmf-dist/tex/generic/pgf/basiclayer/pgfcoreexternal.code.tex
File: pgfcoreexternal.code.tex 2023-01-15 v3.1.10 (3.1.10)
\pgfexternal@startupbox=\box74
) (c:/texlive/2023/texmf-dist/tex/generic/pgf/basiclayer/pgfcorelayers.code.tex
File: pgfcorelayers.code.tex 2023-01-15 v3.1.10 (3.1.10)
) (c:/texlive/2023/texmf-dist/tex/generic/pgf/basiclayer/pgfcoretransparency.code.tex
File: pgfcoretransparency.code.tex 2023-01-15 v3.1.10 (3.1.10)
) (c:/texlive/2023/texmf-dist/tex/generic/pgf/basiclayer/pgfcorepatterns.code.tex
File: pgfcorepatterns.code.tex 2023-01-15 v3.1.10 (3.1.10)
) (c:/texlive/2023/texmf-dist/tex/generic/pgf/basiclayer/pgfcorerdf.code.tex
File: pgfcorerdf.code.tex 2023-01-15 v3.1.10 (3.1.10)
))) (c:/texlive/2023/texmf-dist/tex/generic/pgf/modules/pgfmoduleshapes.code.tex
File: pgfmoduleshapes.code.tex 2023-01-15 v3.1.10 (3.1.10)
\pgfnodeparttextbox=\box75
) (c:/texlive/2023/texmf-dist/tex/generic/pgf/modules/pgfmoduleplot.code.tex
File: pgfmoduleplot.code.tex 2023-01-15 v3.1.10 (3.1.10)
) (c:/texlive/2023/texmf-dist/tex/latex/pgf/compatibility/pgfcomp-version-0-65.sty
Package: pgfcomp-version-0-65 2023-01-15 v3.1.10 (3.1.10)
\pgf@nodesepstart=\dimen301
\pgf@nodesepend=\dimen302
) (c:/texlive/2023/texmf-dist/tex/latex/pgf/compatibility/pgfcomp-version-1-18.sty
Package: pgfcomp-version-1-18 2023-01-15 v3.1.10 (3.1.10)
)) (c:/texlive/2023/texmf-dist/tex/latex/pgf/utilities/pgffor.sty (c:/texlive/2023/texmf-dist/tex/latex/pgf/utilities/pgfkeys.sty (c:/texlive/2023/texmf-dist/tex/generic/pgf/utilities/pgfkeys.code.tex)) (c:/texlive/2023/texmf-dist/tex/latex/pgf/math/pgfmath.sty (c:/texlive/2023/texmf-dist/tex/generic/pgf/math/pgfmath.code.tex)) (c:/texlive/2023/texmf-dist/tex/generic/pgf/utilities/pgffor.code.tex
Package: pgffor 2023-01-15 v3.1.10 (3.1.10)
\pgffor@iter=\dimen303
\pgffor@skip=\dimen304
\pgffor@stack=\toks51
\pgffor@toks=\toks52
)) (c:/texlive/2023/texmf-dist/tex/generic/pgf/frontendlayer/tikz/tikz.code.tex
Package: tikz 2023-01-15 v3.1.10 (3.1.10)
 (c:/texlive/2023/texmf-dist/tex/generic/pgf/libraries/pgflibraryplothandlers.code.tex
File: pgflibraryplothandlers.code.tex 2023-01-15 v3.1.10 (3.1.10)
\pgf@plot@mark@count=\count354
\pgfplotmarksize=\dimen305
)
\tikz@lastx=\dimen306
\tikz@lasty=\dimen307
\tikz@lastxsaved=\dimen308
\tikz@lastysaved=\dimen309
\tikz@lastmovetox=\dimen310
\tikz@lastmovetoy=\dimen311
\tikzleveldistance=\dimen312
\tikzsiblingdistance=\dimen313
\tikz@figbox=\box76
\tikz@figbox@bg=\box77
\tikz@tempbox=\box78
\tikz@tempbox@bg=\box79
\tikztreelevel=\count355
\tikznumberofchildren=\count356
\tikznumberofcurrentchild=\count357
\tikz@fig@count=\count358
 (c:/texlive/2023/texmf-dist/tex/generic/pgf/modules/pgfmodulematrix.code.tex
File: pgfmodulematrix.code.tex 2023-01-15 v3.1.10 (3.1.10)
\pgfmatrixcurrentrow=\count359
\pgfmatrixcurrentcolumn=\count360
\pgf@matrix@numberofcolumns=\count361
)
\tikz@expandcount=\count362
 (c:/texlive/2023/texmf-dist/tex/generic/pgf/frontendlayer/tikz/libraries/tikzlibrarytopaths.code.tex
File: tikzlibrarytopaths.code.tex 2023-01-15 v3.1.10 (3.1.10)
))) (c:/texlive/2023/texmf-dist/tex/generic/pgf/frontendlayer/tikz/libraries/tikzlibrarypositioning.code.tex
File: tikzlibrarypositioning.code.tex 2023-01-15 v3.1.10 (3.1.10)
)
\c@@todonotes@numberoftodonotes=\count363
) (c:/texlive/2023/texmf-dist/tex/latex/import/import.sty
Package: import 2020/04/01  v 6.2
) (c:/texlive/2023/texmf-dist/tex/latex/float/float.sty
Package: float 2001/11/08 v1.3d Float enhancements (AL)
\c@float@type=\count364
\float@exts=\toks53
\float@box=\box80
\@float@everytoks=\toks54
\@floatcapt=\box81
) (c:/texlive/2023/texmf-dist/tex/latex/graphics/rotating.sty
Package: rotating 2016/08/11 v2.16d rotated objects in LaTeX
\c@r@tfl@t=\count365
\rotFPtop=\skip89
\rotFPbot=\skip90
\rot@float@box=\box82
\rot@mess@toks=\toks55
)
LaTeX Font Info:    Trying to load font information for T1+LibertinusSerif-TLF on input line 33.
 (c:/texlive/2023/texmf-dist/tex/latex/libertinus-type1/T1LibertinusSerif-TLF.fd
File: T1LibertinusSerif-TLF.fd 2022/11/07 (autoinst) Font definitions for T1/LibertinusSerif-TLF.
)
LaTeX Font Info:    Font shape `T1/LibertinusSerif-TLF/m/n' will be
(Font)              scaled to size 10.95pt on input line 33.
 (./main.aux)
\openout1 = `main.aux'.

LaTeX Font Info:    Checking defaults for OML/cmm/m/it on input line 33.
LaTeX Font Info:    ... okay on input line 33.
LaTeX Font Info:    Checking defaults for OMS/cmsy/m/n on input line 33.
LaTeX Font Info:    ... okay on input line 33.
LaTeX Font Info:    Checking defaults for OT1/cmr/m/n on input line 33.
LaTeX Font Info:    ... okay on input line 33.
LaTeX Font Info:    Checking defaults for T1/cmr/m/n on input line 33.
LaTeX Font Info:    ... okay on input line 33.
LaTeX Font Info:    Checking defaults for TS1/cmr/m/n on input line 33.
LaTeX Font Info:    ... okay on input line 33.
LaTeX Font Info:    Checking defaults for OMX/cmex/m/n on input line 33.
LaTeX Font Info:    ... okay on input line 33.
LaTeX Font Info:    Checking defaults for U/cmr/m/n on input line 33.
LaTeX Font Info:    ... okay on input line 33.
LaTeX Font Info:    Checking defaults for PD1/pdf/m/n on input line 33.
LaTeX Font Info:    ... okay on input line 33.
LaTeX Font Info:    Checking defaults for PU/pdf/m/n on input line 33.
LaTeX Font Info:    ... okay on input line 33.
Package scrbase Info: activating english \abstractname on input line 33.
Package scrbase Info: activating english \partname on input line 33.
Package scrbase Info: activating english \figurename on input line 33.
Package scrbase Info: activating english \tablename on input line 33.
Package scrbase Info: activating english \contentsname on input line 33.
Package scrbase Info: activating english \listfigurename on input line 33.
Package scrbase Info: activating english \listtablename on input line 33.
Package scrbase Info: activating english \refname on input line 33.
Package scrbase Info: activating english \indexname on input line 33.
 (c:/texlive/2023/texmf-dist/tex/context/base/mkii/supp-pdf.mkii
[Loading MPS to PDF converter (version 2006.09.02).]
\scratchcounter=\count366
\scratchdimen=\dimen314
\scratchbox=\box83
\nofMPsegments=\count367
\nofMParguments=\count368
\everyMPshowfont=\toks56
\MPscratchCnt=\count369
\MPscratchDim=\dimen315
\MPnumerator=\count370
\makeMPintoPDFobject=\count371
\everyMPtoPDFconversion=\toks57
) (c:/texlive/2023/texmf-dist/tex/latex/epstopdf-pkg/epstopdf-base.sty
Package: epstopdf-base 2020-01-24 v2.11 Base part for package epstopdf
 (c:/texlive/2023/texmf-dist/tex/latex/grfext/grfext.sty
Package: grfext 2019/12/03 v1.3 Manage graphics extensions (HO)
)
Package epstopdf-base Info: Redefining graphics rule for `.eps' on input line 485.
Package grfext Info: Graphics extension search list:
(grfext)             [.pdf,.png,.jpg,.mps,.jpeg,.jbig2,.jb2,.PDF,.PNG,.JPG,.JPEG,.JBIG2,.JB2,.eps]
(grfext)             \AppendGraphicsExtensions on input line 504.
 (c:/texlive/2023/texmf-dist/tex/latex/latexconfig/epstopdf-sys.cfg
File: epstopdf-sys.cfg 2010/07/13 v1.3 Configuration of (r)epstopdf for TeX Live
))
LaTeX Info: Redefining \microtypecontext on input line 33.
Package microtype Info: Applying patch `item' on input line 33.
Package microtype Info: Applying patch `toc' on input line 33.
Package microtype Info: Applying patch `eqnum' on input line 33.
Package microtype Info: Applying patch `footnote' on input line 33.
Package microtype Info: Applying patch `verbatim' on input line 33.
Package microtype Info: Generating PDF output.
Package microtype Info: Character protrusion enabled (level 2).
Package microtype Info: Using default protrusion set `alltext'.
Package microtype Info: Automatic font expansion enabled (level 2),
(microtype)             stretch: 20, shrink: 20, step: 1, non-selected.
Package microtype Info: Using default expansion set `alltext-nott'.
LaTeX Info: Redefining \showhyphens on input line 33.
Package microtype Info: No adjustment of tracking.
Package microtype Info: No adjustment of interword spacing.
Package microtype Info: No adjustment of character kerning.
Package microtype Info: Loading generic protrusion settings for font family
(microtype)             `LibertinusSerif-TLF' (encoding: T1).
(microtype)             For optimal results, create family-specific settings.
(microtype)             See the microtype manual for details.
Package hyperref Info: Link coloring ON on input line 33.
 (./main.out) (./main.out)
\@outlinefile=\write6
\openout6 = `main.out'.

Class scrartcl Info: loading recommended package `bookmark'.
(scrartcl)           Using `bookmark' together with `hyperref' is recommended,
(scrartcl)           because of handling of possible bookmark level gaps.
(scrartcl)           You can avoid loading `bookmark' with KOMA-Script option
(scrartcl)           `bookmarkpackage=false' before \begin{document} and
(scrartcl)           you can avoid this message adding:
(scrartcl)             \usepackage{bookmark}
(scrartcl)           before \begin{document} on input line 33.
 (c:/texlive/2023/texmf-dist/tex/latex/bookmark/bookmark.sty
Package: bookmark 2020-11-06 v1.29 PDF bookmarks (HO)
 (c:/texlive/2023/texmf-dist/tex/latex/bookmark/bkm-pdftex.def
File: bkm-pdftex.def 2020-11-06 v1.29 bookmark driver for pdfTeX (HO)
\BKM@id=\count372
))
\c@mv@tabular=\count373
\c@mv@boldtabular=\count374
\c@lstlisting=\count375
\verbatim@out=\write7
\openout7 = `main.abs'.

LaTeX Font Info:    Font shape `T1/LibertinusSerif-TLF/b/n' will be
(Font)              scaled to size 10.95pt on input line 126.
LaTeX Font Info:    Trying to load font information for T1+LibertinusSans-TLF on input line 126.
 (c:/texlive/2023/texmf-dist/tex/latex/libertinus-type1/T1LibertinusSans-TLF.fd
File: T1LibertinusSans-TLF.fd 2022/11/07 (autoinst) Font definitions for T1/LibertinusSans-TLF.
)
LaTeX Font Info:    Font shape `T1/LibertinusSans-TLF/b/n' will be
(Font)              scaled to size 10.95pt on input line 126.
Package microtype Info: Loading generic protrusion settings for font family
(microtype)             `LibertinusSans-TLF' (encoding: T1).
(microtype)             For optimal results, create family-specific settings.
(microtype)             See the microtype manual for details.
LaTeX Font Info:    Font shape `T1/LibertinusSerif-TLF/m/n' will be
(Font)              scaled to size 9.0pt on input line 126.
LaTeX Font Info:    Font shape `T1/LibertinusSerif-TLF/m/n' will be
(Font)              scaled to size 17.28pt on input line 131.
LaTeX Font Info:    Font shape `T1/LibertinusSans-TLF/m/n' will be
(Font)              scaled to size 17.28pt on input line 131.
LaTeX Font Info:    Font shape `T1/LibertinusSans-TLF/b/n' will be
(Font)              scaled to size 17.28pt on input line 131.
LaTeX Font Info:    Font shape `T1/LibertinusSerif-TLF/m/n' will be
(Font)              scaled to size 12.0pt on input line 131.
<<ot1.cmap>> (c:/texlive/2023/texmf-dist/tex/latex/microtype/mt-cmr.cfg
File: mt-cmr.cfg 2013/05/19 v2.2 microtype config. file: Computer Modern Roman (RS)
)<<oml.cmap>><<oms.cmap>><<omx.cmap>>
LaTeX Font Info:    Trying to load font information for U+msa on input line 131.
 (c:/texlive/2023/texmf-dist/tex/latex/amsfonts/umsa.fd
File: umsa.fd 2013/01/14 v3.01 AMS symbols A
) (c:/texlive/2023/texmf-dist/tex/latex/microtype/mt-msa.cfg
File: mt-msa.cfg 2006/02/04 v1.1 microtype config. file: AMS symbols (a) (RS)
)
LaTeX Font Info:    Trying to load font information for U+msb on input line 131.
 (c:/texlive/2023/texmf-dist/tex/latex/amsfonts/umsb.fd
File: umsb.fd 2013/01/14 v3.01 AMS symbols B
) (c:/texlive/2023/texmf-dist/tex/latex/microtype/mt-msb.cfg
File: mt-msb.cfg 2005/06/01 v1.0 microtype config. file: AMS symbols (b) (RS)
)
LaTeX Font Info:    Font shape `T1/LibertinusSerif-TLF/m/n' will be
(Font)              scaled to size 8.0pt on input line 131.
LaTeX Font Info:    Font shape `T1/LibertinusSerif-TLF/m/it' will be
(Font)              scaled to size 8.0pt on input line 131.
LaTeX Font Info:    Font shape `T1/LibertinusSerif-TLF/m/n' will be
(Font)              scaled to size 14.4pt on input line 131.
LaTeX Font Info:    Font shape `T1/LibertinusSerif-TLF/m/it' will be
(Font)              scaled to size 9.0pt on input line 131.
LaTeX Font Info:    Font shape `T1/LibertinusSerif-TLF/m/it' will be
(Font)              scaled to size 6.0pt on input line 131.
 (./main.abs)
Overfull \hbox (376.42744pt too wide) detected at line 131
[]
 []

LaTeX Font Info:    Font shape `T1/LibertinusSerif-TLF/m/n' will be
(Font)              scaled to size 6.0pt on input line 131.

Package hyperref Warning: Ignoring empty anchor on input line 131.


Package hyperref Warning: Ignoring empty anchor on input line 131.


Package hyperref Warning: Ignoring empty anchor on input line 131.

LaTeX Font Info:    Trying to load font information for U+fontawesomefree1 on input line 131.
(c:/texlive/2023/texmf-dist/tex/latex/fontawesome5/ufontawesomefree1.fd)

Package hyperref Warning: Ignoring empty anchor on input line 131.

<cc-by.pdf, id=17, 88.33pt x 31.11626pt>
File: cc-by.pdf Graphic file (type pdf)
<use cc-by.pdf>
Package pdftex.def Info: cc-by.pdf  used on input line 131.
(pdftex.def)             Requested size: 31.22595pt x 11.0pt.
LaTeX Font Info:    Trying to load font information for TS1+LibertinusSerif-TLF on input line 131.
(c:/texlive/2023/texmf-dist/tex/latex/libertinus-type1/TS1LibertinusSerif-TLF.fd
File: TS1LibertinusSerif-TLF.fd 2022/11/07 (autoinst) Font definitions for TS1/LibertinusSerif-TLF.
)
LaTeX Font Info:    Font shape `TS1/LibertinusSerif-TLF/m/n' will be
(Font)              scaled to size 6.0pt on input line 131.
Package microtype Info: Loading generic protrusion settings for font family
(microtype)             `LibertinusSerif-TLF' (encoding: TS1).
(microtype)             For optimal results, create family-specific settings.
(microtype)             See the microtype manual for details.

Overfull \hbox (4.5pt too wide) in paragraph at lines 131--131
[][][][]||$[]$ $[]$|  
 []


Package hyperref Warning: Ignoring empty anchor on input line 131.

File: cc-by.pdf Graphic file (type pdf)
<use cc-by.pdf>
Package pdftex.def Info: cc-by.pdf  used on input line 131.
(pdftex.def)             Requested size: 31.22595pt x 11.0pt.
<ceur-ws-logo.pdf, id=21, 412.56496pt x 113.81102pt>
File: ceur-ws-logo.pdf Graphic file (type pdf)
<use ceur-ws-logo.pdf>
Package pdftex.def Info: ceur-ws-logo.pdf  used on input line 131.
(pdftex.def)             Requested size: 31.22595pt x 8.6136pt.

Overfull \hbox (4.5pt too wide) in paragraph at lines 131--131
[][][][]||$[]$ $[]$|  
 []

LaTeX Font Info:    Font shape `T1/LibertinusSans-TLF/m/n' will be
(Font)              scaled to size 10.95pt on input line 133.
LaTeX Font Info:    Font shape `T1/LibertinusSans-TLF/b/n' will be
(Font)              scaled to size 14.4pt on input line 133.
LaTeX Font Info:    Font shape `T1/LibertinusSans-TLF/m/n' will be
(Font)              scaled to size 10.0pt on input line 137.
LaTeX Font Info:    Font shape `T1/LibertinusSerif-TLF/m/n' will be
(Font)              scaled to size 10.0pt on input line 137.
[1

{c:/texlive/2023/texmf-dist/fonts/enc/dvips/libertinus-type1/lbts_mfadfl.enc}{c:/texlive/2023/texmf-dist/fonts/enc/dvips/libertinus-type1/lbts_75t36g.enc}{c:/texlive/2023/texmf-dist/fonts/enc/dvips/libertinus-type1/lbts_nufysp.enc}{c:/texlive/2023/texmf-dist/fonts/enc/dvips/fontawesome5/fa5free1.enc}{c:/texlive/2023/texmf-dist/fonts/enc/dvips/libertinus-type1/lbts_rlktsf.enc} <./cc-by.pdf> <./ceur-ws-logo.pdf>]
LaTeX Font Info:    Font shape `T1/LibertinusSerif-TLF/m/it' will be
(Font)              scaled to size 10.95pt on input line 138.
LaTeX Font Info:    Trying to load font information for T1+LibertinusMono-TLF on input line 146.
 (c:/texlive/2023/texmf-dist/tex/latex/libertinus-type1/T1LibertinusMono-TLF.fd
File: T1LibertinusMono-TLF.fd 2022/11/07 (autoinst) Font definitions for T1/LibertinusMono-TLF.
)
LaTeX Font Info:    Font shape `T1/LibertinusMono-TLF/m/n' will be
(Font)              scaled to size 9.30756pt on input line 146.
Package microtype Info: Loading generic protrusion settings for font family
(microtype)             `LibertinusMono-TLF' (encoding: T1).
(microtype)             For optimal results, create family-specific settings.
(microtype)             See the microtype manual for details.
Package microtype Info: Character `guilsinglleft ' is missing
(microtype)             in font `T1/LibertinusMono-TLF/m/n/10.95'.
(microtype)             Ignoring protrusion settings for this character.
Package microtype Info: Character `guilsinglright ' is missing
(microtype)             in font `T1/LibertinusMono-TLF/m/n/10.95'.
(microtype)             Ignoring protrusion settings for this character.
LaTeX Font Info:    Font shape `T1/LibertinusSerif-TLF/m/it' will be
(Font)              scaled to size 10.0pt on input line 149.
 [2{c:/texlive/2023/texmf-dist/fonts/enc/dvips/libertinus-type1/lbts_tll2u3.enc}]
LaTeX Font Info:    Font shape `T1/LibertinusSans-TLF/b/n' will be
(Font)              scaled to size 10.0pt on input line 163.
 [3
pdfTeX warning (ext4): destination with the same identifier (name{table.1}) has been already used, duplicate ignored
<argument> ...shipout:D \box_use:N \l_shipout_box 
                                                  \__shipout_drop_firstpage_...
l.172 
      ]
LaTeX Font Info:    Font shape `T1/LibertinusSans-TLF/b/n' will be
(Font)              scaled to size 12.0pt on input line 201.
 [4
pdfTeX warning (ext4): destination with the same identifier (name{table.2}) has been already used, duplicate ignored
<argument> ...shipout:D \box_use:N \l_shipout_box 
                                                  \__shipout_drop_firstpage_...
l.250 \end{table}
                 ] [5
pdfTeX warning (ext4): destination with the same identifier (name{table.3}) has been already used, duplicate ignored
<argument> ...shipout:D \box_use:N \l_shipout_box 
                                                  \__shipout_drop_firstpage_...
l.297 
      ] [6
pdfTeX warning (ext4): destination with the same identifier (name{table.4}) has been already used, duplicate ignored
<argument> ...shipout:D \box_use:N \l_shipout_box 
                                                  \__shipout_drop_firstpage_...
l.297 
      {c:/texlive/2023/texmf-dist/fonts/enc/dvips/libertinus-type1/lbts_sfissr.enc}
pdfTeX warning (ext4): destination with the same identifier (name{table.5}) has been already used, duplicate ignored
<argument> ...shipout:D \box_use:N \l_shipout_box 
                                                  \__shipout_drop_firstpage_...
l.297 
      ] [7
pdfTeX warning (ext4): destination with the same identifier (name{table.6}) has been already used, duplicate ignored
<argument> ...shipout:D \box_use:N \l_shipout_box 
                                                  \__shipout_drop_firstpage_...
l.336 
      ] (./main.bbl [8
pdfTeX warning (ext4): destination with the same identifier (name{table.7}) has been already used, duplicate ignored
<argument> ...shipout:D \box_use:N \l_shipout_box 
                                                  \__shipout_drop_firstpage_...
l.20 ...)Devlin, Chang, Lee, and Toutanova}]{BERT}
                                                  
pdfTeX warning (ext4): destination with the same identifier (name{table.8}) has been already used, duplicate ignored
<argument> ...shipout:D \box_use:N \l_shipout_box 
                                                  \__shipout_drop_firstpage_...
l.20 ...)Devlin, Chang, Lee, and Toutanova}]{BERT}
                                                  ] [9]) [10]
<Images/Confusion_matrix.png, id=240, 1084.05pt x 505.89pt>
File: Images/Confusion_matrix.png Graphic file (type png)
<use Images/Confusion_matrix.png>
Package pdftex.def Info: Images/Confusion_matrix.png  used on input line 417.
(pdftex.def)             Requested size: 501.90538pt x 234.22519pt.

Overfull \hbox (83.64983pt too wide) in paragraph at lines 417--418
 [][] 
 []


LaTeX Warning: `!h' float specifier changed to `!ht'.

<Images/norm_freq_cluster_size.png, id=242, 462.528pt x 346.896pt>
File: Images/norm_freq_cluster_size.png Graphic file (type png)
<use Images/norm_freq_cluster_size.png>
Package pdftex.def Info: Images/norm_freq_cluster_size.png  used on input line 442.
(pdftex.def)             Requested size: 231.26343pt x 173.44757pt.
[11
pdfTeX warning (ext4): destination with the same identifier (name{table.9}) has been already used, duplicate ignored
<argument> ...shipout:D \box_use:N \l_shipout_box 
                                                  \__shipout_drop_firstpage_...
l.445 \end{figure}
                  
pdfTeX warning (ext4): destination with the same identifier (name{table.10}) has been already used, duplicate ignored
<argument> ...shipout:D \box_use:N \l_shipout_box 
                                                  \__shipout_drop_firstpage_...
l.445 \end{figure}
                  
pdfTeX warning (ext4): destination with the same identifier (name{figure.1}) has been already used, duplicate ignored
<argument> ...shipout:D \box_use:N \l_shipout_box 
                                                  \__shipout_drop_firstpage_...
l.445 \end{figure}
                   <./Images/Confusion_matrix.png>]

LaTeX Warning: No positions in optional float specifier.
               Default added (so using `!h') on input line 448.


Overfull \hbox (143.36447pt too wide) in paragraph at lines 449--458
[][]
 []


LaTeX Warning: `!h' float specifier changed to `!ht'.

[12
pdfTeX warning (ext4): destination with the same identifier (name{table.11}) has been already used, duplicate ignored
<argument> ...shipout:D \box_use:N \l_shipout_box 
                                                  \__shipout_drop_firstpage_...
l.463 \clearpage
                
pdfTeX warning (ext4): destination with the same identifier (name{figure.2}) has been already used, duplicate ignored
<argument> ...shipout:D \box_use:N \l_shipout_box 
                                                  \__shipout_drop_firstpage_...
l.463 \clearpage
                 <./Images/norm_freq_cluster_size.png>] [13
pdfTeX warning (ext4): destination with the same identifier (name{table.12}) has been already used, duplicate ignored
<argument> ...shipout:D \box_use:N \l_shipout_box 
                                                  \__shipout_drop_firstpage_...
l.463 \clearpage
                ]

LaTeX Warning: No positions in optional float specifier.
               Default added (so using `!h') on input line 464.


LaTeX Warning: `!h' float specifier changed to `!ht'.

[14
pdfTeX warning (ext4): destination with the same identifier (name{table.13}) has been already used, duplicate ignored
<argument> ...shipout:D \box_use:N \l_shipout_box 
                                                  \__shipout_drop_firstpage_...
l.479 \clearpage
                ]

LaTeX Warning: No positions in optional float specifier.
               Default added (so using `!h') on input line 480.


Overfull \hbox (87.13628pt too wide) in paragraph at lines 481--490
[][]
 []


LaTeX Warning: `!h' float specifier changed to `!ht'.

[15
pdfTeX warning (ext4): destination with the same identifier (name{table.14}) has been already used, duplicate ignored
<argument> ...shipout:D \box_use:N \l_shipout_box 
                                                  \__shipout_drop_firstpage_...
l.493 \clearpage
                ]
LaTeX Font Info:    Font shape `TS1/LibertinusSerif-TLF/m/n' will be
(Font)              scaled to size 10.95pt on input line 500.

Underfull \hbox (badness 10000) in paragraph at lines 506--510

 []


Underfull \hbox (badness 10000) in paragraph at lines 506--510

 []


Underfull \hbox (badness 10000) in paragraph at lines 506--510

 []


Underfull \hbox (badness 10000) in paragraph at lines 518--522

 []


Underfull \hbox (badness 10000) in paragraph at lines 518--522

 []


Underfull \hbox (badness 10000) in paragraph at lines 518--522

 []


Underfull \hbox (badness 10000) in paragraph at lines 529--533

 []


Underfull \hbox (badness 10000) in paragraph at lines 529--533

 []


Underfull \hbox (badness 10000) in paragraph at lines 529--533

 []

[16



]
Underfull \hbox (badness 10000) in paragraph at lines 541--545

 []


Underfull \hbox (badness 1189) in paragraph at lines 541--545
\T1/LibertinusSerif-TLF/m/n/10.95 (+20) Combined model: \T1/LibertinusSerif-TLF/m/it/10.95 (+20) "2021 Sun-dance Film Fes-ti-val, which is lo-cated in the United States,
 []


Underfull \hbox (badness 10000) in paragraph at lines 541--545

 []


Underfull \hbox (badness 10000) in paragraph at lines 541--545

 []


Underfull \hbox (badness 10000) in paragraph at lines 552--556

 []


Underfull \hbox (badness 10000) in paragraph at lines 552--556

 []


Underfull \hbox (badness 10000) in paragraph at lines 552--556

 []


Underfull \hbox (badness 10000) in paragraph at lines 563--568

 []


Underfull \hbox (badness 10000) in paragraph at lines 563--568

 []


Underfull \hbox (badness 10000) in paragraph at lines 563--568

 []

[17]
Underfull \hbox (badness 10000) in paragraph at lines 575--578

 []


Underfull \hbox (badness 10000) in paragraph at lines 584--679

 []


Underfull \hbox (badness 2065) in paragraph at lines 584--679
\T1/LibertinusSerif-TLF/m/n/10.95 (+20) Triples: ("Rus-sia", "launch", "satel-lite"), ("launch", "lo-ca-tion", "Kaza-khstan"), ("launch",
 []


Underfull \hbox (badness 10000) in paragraph at lines 584--679

 []


Underfull \hbox (badness 10000) in paragraph at lines 584--679

 []


Underfull \hbox (badness 10000) in paragraph at lines 584--679

 []


Underfull \hbox (badness 10000) in paragraph at lines 584--679

 []


Underfull \hbox (badness 10000) in paragraph at lines 584--679

 []


Underfull \hbox (badness 10000) in paragraph at lines 584--679

 []


Underfull \hbox (badness 10000) in paragraph at lines 584--679

 []


Underfull \hbox (badness 10000) in paragraph at lines 584--679

 []


Underfull \hbox (badness 10000) in paragraph at lines 584--679

 []


Underfull \hbox (badness 10000) in paragraph at lines 584--679

 []


Underfull \hbox (badness 10000) in paragraph at lines 584--679

 []


Underfull \hbox (badness 10000) in paragraph at lines 584--679

 []


Underfull \hbox (badness 10000) in paragraph at lines 584--679

 []


Underfull \hbox (badness 1189) in paragraph at lines 584--679
\T1/LibertinusSerif-TLF/m/n/10.95 (+20) Combined model: \T1/LibertinusSerif-TLF/m/it/10.95 (+20) "The Russian-Iranian bi-lat-eral co-op-er-a-tion will en-able the im-ple-men-
 []


Underfull \hbox (badness 10000) in paragraph at lines 584--679

 []


Underfull \hbox (badness 10000) in paragraph at lines 584--679

 []


Underfull \hbox (badness 10000) in paragraph at lines 584--679

 []


Underfull \hbox (badness 1436) in paragraph at lines 584--679
\T1/LibertinusSerif-TLF/m/n/10.95 (+20) Triples: ("Iran Telecom-mu-ni-ca-tion", "min-is-ter", "Issa Zare-pour"), ("Issa Zare-pour", "at-
 []


Underfull \hbox (badness 10000) in paragraph at lines 584--679

 []


Underfull \hbox (badness 10000) in paragraph at lines 584--679

 []


Underfull \hbox (badness 1237) in paragraph at lines 584--679
\T1/LibertinusSerif-TLF/m/n/10.95 (+20) Combined model: \T1/LibertinusSerif-TLF/m/it/10.95 (+20) "Iran Telecom-mu-ni-ca-tion Min-is-ter Issa Zare-pour at-tended the launch
 []


Underfull \hbox (badness 10000) in paragraph at lines 584--679

 []


Underfull \hbox (badness 10000) in paragraph at lines 584--679

 []


Underfull \hbox (badness 1067) in paragraph at lines 584--679
\T1/LibertinusSerif-TLF/b/n/10.95 (+20) Nasser Kanani, the Ira-nian for-eign min-istry spokesman, said on Twit-ter that
 []


Underfull \hbox (badness 10000) in paragraph at lines 584--679

 []


Underfull \hbox (badness 1742) in paragraph at lines 584--679
\T1/LibertinusSerif-TLF/m/n/10.95 (+20) Triples: ("west-ern sanc-tions", "not pre-vent", "sci-en-tific and tech-no-log-i-cal progress of
 []


Underfull \hbox (badness 10000) in paragraph at lines 584--679

 []


Underfull \hbox (badness 10000) in paragraph at lines 584--679

 []


Underfull \hbox (badness 10000) in paragraph at lines 584--679

 []


Underfull \hbox (badness 10000) in paragraph at lines 584--679

 []


Underfull \hbox (badness 10000) in paragraph at lines 584--679

 []


Underfull \hbox (badness 10000) in paragraph at lines 584--679

 []


Underfull \hbox (badness 10000) in paragraph at lines 584--679

 []


Underfull \hbox (badness 10000) in paragraph at lines 584--679

 []


Underfull \hbox (badness 10000) in paragraph at lines 584--679

 []


Underfull \hbox (badness 10000) in paragraph at lines 584--679

 []


Underfull \hbox (badness 10000) in paragraph at lines 584--679

 []


Underfull \hbox (badness 10000) in paragraph at lines 584--679

 []


Underfull \hbox (badness 10000) in paragraph at lines 584--679

 []


Underfull \hbox (badness 10000) in paragraph at lines 584--679

 []


Underfull \hbox (badness 10000) in paragraph at lines 584--679

 []


Underfull \hbox (badness 3271) in paragraph at lines 584--679
\T1/LibertinusSerif-TLF/m/n/10.95 (+20) Triples: ("satel-lite", "sends", "in-for-ma-tion"), ("en-crypted al-go-rithm", "pre-vent", "third
 []


Underfull \hbox (badness 10000) in paragraph at lines 584--679

 []


Underfull \hbox (badness 10000) in paragraph at lines 584--679

 []


Underfull \hbox (badness 1163) in paragraph at lines 584--679
\T1/LibertinusSerif-TLF/m/n/10.95 (+20) Combined model: \T1/LibertinusSerif-TLF/m/it/10.95 (+20) "The satel-lite sends in-for-ma-tion via an en-crypted al-go-rithm , which
 []


Underfull \hbox (badness 10000) in paragraph at lines 584--679

 []


Underfull \hbox (badness 10000) in paragraph at lines 584--679

 []


Underfull \hbox (badness 10000) in paragraph at lines 584--679

 []


Underfull \hbox (badness 1342) in paragraph at lines 584--679
\T1/LibertinusSerif-TLF/m/n/10.95 (+20) Triples: ("Iran", "in-tend", "sal-vage 2015 deal"), ("2015 deal", "pre-vent", "Iran's nu-clear
 []


Underfull \hbox (badness 10000) in paragraph at lines 584--679

 []


Underfull \hbox (badness 10000) in paragraph at lines 584--679

 []


Underfull \hbox (badness 10000) in paragraph at lines 584--679

 []


Underfull \hbox (badness 10000) in paragraph at lines 584--679

 []


Underfull \hbox (badness 4792) in paragraph at lines 584--679
\T1/LibertinusSerif-TLF/b/n/10.95 (+20) Western gov-ern-ments worry that satel-lite launch sys-tems in-cor-po-rate tech-
 []


Underfull \hbox (badness 10000) in paragraph at lines 584--679

 []


Underfull \hbox (badness 10000) in paragraph at lines 584--679

 []


Underfull \hbox (badness 10000) in paragraph at lines 584--679

 []


Underfull \hbox (badness 1163) in paragraph at lines 584--679
\T1/LibertinusSerif-TLF/m/n/10.95 (+20) Combined model: \T1/LibertinusSerif-TLF/m/it/10.95 (+20) "The satel-lite con-tains bal-lis-tic mis-sile tech-nolo-gies which en-able the
 []


Underfull \hbox (badness 10000) in paragraph at lines 584--679

 []


Underfull \hbox (badness 10000) in paragraph at lines 584--679

 []


Underfull \hbox (badness 10000) in paragraph at lines 584--679

 []


Underfull \hbox (badness 1038) in paragraph at lines 584--679
\T1/LibertinusSerif-TLF/m/n/10.95 (+20) Triples: ("Iran", "launch", "first mil-i-tary satel-lite", 10), ("first mil-i-tary satel-lite", "or-bit",
 []


Underfull \hbox (badness 10000) in paragraph at lines 584--679

 []


Underfull \hbox (badness 10000) in paragraph at lines 584--679

 []


Underfull \hbox (badness 10000) in paragraph at lines 584--679

 []


Underfull \hbox (badness 10000) in paragraph at lines 584--679

 []


Underfull \hbox (badness 3323) in paragraph at lines 584--679
\T1/LibertinusSerif-TLF/b/n/10.95 (+20) Borisov, who last month re-placed bom-bas-tic na-tion-al-ist Dmitry Ro-gozin as
 []


Underfull \hbox (badness 10000) in paragraph at lines 584--679

 []


Underfull \hbox (badness 10000) in paragraph at lines 584--679

 []

[18] [19] [20] [21]
<Images/NG_article.png, id=305, 877.2775pt x 641.39626pt>
File: Images/NG_article.png Graphic file (type png)
<use Images/NG_article.png>
Package pdftex.def Info: Images/NG_article.png  used on input line 682.
(pdftex.def)             Requested size: 394.77122pt x 288.62564pt.
 [22] [23
pdfTeX warning (ext4): destination with the same identifier (name{figure.3}) has been already used, duplicate ignored
<argument> ...shipout:D \box_use:N \l_shipout_box 
                                                  \__shipout_drop_firstpage_...
l.686 \clearpage
                 <./Images/NG_article.png>]
<Images/overview_graph.png, id=317, 1356.06625pt x 641.39626pt>
File: Images/overview_graph.png Graphic file (type png)
<use Images/overview_graph.png>
Package pdftex.def Info: Images/overview_graph.png  used on input line 690.
(pdftex.def)             Requested size: 610.22418pt x 288.62564pt.

Overfull \hbox (14.42392pt too wide) in paragraph at lines 690--691
[][]
 []

[24

] [25
pdfTeX warning (ext4): destination with the same identifier (name{figure.4}) has been already used, duplicate ignored
<argument> ...shipout:D \box_use:N \l_shipout_box 
                                                  \__shipout_drop_firstpage_...
l.697 \end{document}
                     <./Images/overview_graph.png>] (./main.aux)
 ***********
LaTeX2e <2023-11-01>
L3 programming layer <2023-11-09>
 ***********
Package rerunfilecheck Info: File `main.out' has not changed.
(rerunfilecheck)             Checksum: D41D8CD98F00B204E9800998ECF8427E;0.
 ) 
Here is how much of TeX's memory you used:
 39607 strings out of 474267
 770282 string characters out of 5751464
 1950558 words of memory out of 5000000
 60605 multiletter control sequences out of 15000+600000
 716696 words of font info for 352 fonts, out of 8000000 for 9000
 1141 hyphenation exceptions out of 8191
 122i,21n,121p,11020b,2608s stack positions out of 10000i,1000n,20000p,200000b,200000s
<c:/texlive/2023/texmf-dist/fonts/type1/public/fontawesome5/FontAwesome5Free-Regular.pfb><c:/texlive/2023/texmf-dist/fonts/type1/public/libertinus-type1/LibertinusMono-Regular.pfb><c:/texlive/2023/texmf-dist/fonts/type1/public/libertinus-type1/LibertinusSans-Bold.pfb><c:/texlive/2023/texmf-dist/fonts/type1/public/libertinus-type1/LibertinusSans-Regular.pfb><c:/texlive/2023/texmf-dist/fonts/type1/public/libertinus-type1/LibertinusSerif-Bold.pfb><c:/texlive/2023/texmf-dist/fonts/type1/public/libertinus-type1/LibertinusSerif-Italic.pfb><c:/texlive/2023/texmf-dist/fonts/type1/public/libertinus-type1/LibertinusSerif-Regular.pfb><c:/texlive/2023/texmf-dist/fonts/type1/public/amsfonts/cm/cmmi10.pfb><c:/texlive/2023/texmf-dist/fonts/type1/public/amsfonts/cm/cmsy10.pfb><c:/texlive/2023/texmf-dist/fonts/type1/public/amsfonts/cm/cmsy6.pfb><c:/texlive/2023/texmf-dist/fonts/type1/public/amsfonts/cm/cmsy8.pfb>
Output written on main.pdf (25 pages, 892223 bytes).
PDF statistics:
 455 PDF objects out of 1000 (max. 8388607)
 101 named destinations out of 1000 (max. 500000)
 92901 words of extra memory for PDF output out of 106986 (max. 10000000)

